Arguments: 
  /vast/palmer/apps/avx.grace/software/nodejs/14.17.6-GCCcore-10.2.0/bin/node /gpfs/gibbs/project/manohar/dlg59/ts-traversal/node_modules/yarn/bin/yarn.js add tree-sitter-matlab

PATH: 
  /gpfs/loomis/apps/avx/software/nodejs/14.17.6-GCCcore-10.2.0/bin:/gpfs/loomis/apps/avx/software/GCCcore/10.2.0/bin:/gpfs/loomis/apps/avx/software/binutils/2.37/bin:/home/dlg59/.nvm/versions/node/v18.7.0/bin:/home/dlg59/.cargo/bin:/gpfs/loomis/bin:/usr/lib64/qt-3.3/bin:/usr/local/bin:/usr/bin:/usr/local/sbin:/usr/sbin:/opt/ibutils/bin:/opt/dell/srvadmin/bin:/home/dlg59/.local/bin:/home/dlg59/bin

Yarn version: 
  1.22.19

Node version: 
  14.17.6

Platform: 
  linux x64

Trace: 
  Error: https://registry.npmjs.org/tree-sitter-matlab: Not found
      at Request.params.callback [as _callback] (/gpfs/gibbs/project/manohar/dlg59/ts-traversal/node_modules/yarn/lib/cli.js:66145:18)
      at Request.self.callback (/gpfs/gibbs/project/manohar/dlg59/ts-traversal/node_modules/yarn/lib/cli.js:140890:22)
      at Request.emit (events.js:400:28)
      at Request.<anonymous> (/gpfs/gibbs/project/manohar/dlg59/ts-traversal/node_modules/yarn/lib/cli.js:141862:10)
      at Request.emit (events.js:400:28)
      at IncomingMessage.<anonymous> (/gpfs/gibbs/project/manohar/dlg59/ts-traversal/node_modules/yarn/lib/cli.js:141784:12)
      at Object.onceWrapper (events.js:519:28)
      at IncomingMessage.emit (events.js:412:35)
      at endReadableNT (internal/streams/readable.js:1317:12)
      at processTicksAndRejections (internal/process/task_queues.js:82:21)

npm manifest: 
  {
    "name": "ts-traversal",
    "version": "1.0.0",
    "description": "Traverse Matlab tree",
    "main": "index.ts",
    "scripts": {
      "traverse": "npx ts-node index.ts"
    },
    "author": "Danielle Gruber",
    "license": "ISC",
    "devDependencies": {
      "@asgerf/dts-tree-sitter": "^0.1.0",
      "@types/node": "^18.6.2",
      "tree-sitter": "^0.20.0",
      "tree-sitter-matlab": "github:daniellegruber/tree-sitter-matlab",
      "ts-node": "^10.9.1",
      "tslib": "^2.4.0",
      "typescript": "^4.7.4"
    },
    "dependencies": {
      "source-map-support": "^0.5.21",
      "yarn": "^1.22.19"
    }
  }

yarn manifest: 
  No manifest

Lockfile: 
  No lockfile
